INFO: loading assets/dirt.bmp into memory
INFO: Allocating Space
INFO: Reading file
INFO: Formatting pixels
INFO: Succesfuly loaded assets/dirt.bmp, 16.000000 kb used by bmps
INFO: loading assets/sky.bmp into memory
INFO: Allocating Space
INFO: Reading file
INFO: Formatting pixels
INFO: Succesfuly loaded assets/sky.bmp, 48.000000 kb used by bmps
INFO: loading assets/grass.bmp into memory
INFO: Allocating Space
INFO: Reading file
INFO: Formatting pixels
INFO: Succesfuly loaded assets/grass.bmp, 64.000000 kb used by bmps
INFO: loading assets/background.bmp into memory
INFO: Allocating Space
INFO: Reading file
INFO: Formatting pixels
INFO: Succesfuly loaded assets/background.bmp, 102.281250 kb used by bmps
INFO: loading assets/missile.bmp into memory
INFO: Allocating Space
INFO: Reading file
INFO: Formatting pixels
INFO: Succesfuly loaded assets/missile.bmp, 102.562500 kb used by bmps
INFO: loading assets/explosion.bmp into memory
INFO: Alocating 15 pointers for 159 x 137 images
INFO: Allocating Space
WARNING: Attempting to allocate 1276.347656 kb of space
INFO: Reading file
INFO: Formatting pixels
INFO: Succesfuly loaded assets/explosion.bmp, 1378.910156 kb used by bmps
INFO: loading assets/statusbar.bmp into memory
INFO: Allocating Space
INFO: Reading file
INFO: Formatting pixels
INFO: Succesfuly loaded assets/statusbar.bmp, 1426.910156 kb used by bmps
DEBUG: call loadBMP on assets/player_rocket.bmp
INFO: loading assets/player_rocket.bmp into memory
INFO: Allocating Space
INFO: Reading file
INFO: Formatting pixels
INFO: Succesfuly loaded assets/player_rocket.bmp, 1427.628906 kb used by bmps
DEBUG: call loadBMP on assets/player.bmp
INFO: loading assets/player.bmp into memory
INFO: Allocating Space
INFO: Reading file
INFO: Formatting pixels
INFO: Succesfuly loaded assets/player.bmp, 1430.628906 kb used by bmps
DEBUG: call loadBMP on assets/enemy.bmp
INFO: loading assets/enemy.bmp into memory
INFO: Allocating Space
INFO: Reading file
INFO: Formatting pixels
INFO: Succesfuly loaded assets/enemy.bmp, 1439.808594 kb used by bmps
DEBUG: draw proj scr_x:255, scr_y:97
DEBUG: draw proj scr_x:264, scr_y:97
DEBUG: draw proj scr_x:272, scr_y:97
DEBUG: draw proj scr_x:281, scr_y:97
DEBUG: draw proj scr_x:289, scr_y:97
DEBUG: draw proj scr_x:297, scr_y:97
DEBUG: draw proj scr_x:306, scr_y:97
DEBUG: draw proj scr_x:314, scr_y:97
DEBUG: draw proj scr_x:322, scr_y:97
DEBUG: draw proj scr_x:331, scr_y:97
DEBUG: draw proj scr_x:339, scr_y:97
DEBUG: draw proj scr_x:347, scr_y:98
DEBUG: draw proj scr_x:356, scr_y:98
DEBUG: draw proj scr_x:364, scr_y:98
DEBUG: draw proj scr_x:372, scr_y:98
DEBUG: draw proj scr_x:381, scr_y:98
DEBUG: draw proj scr_x:389, scr_y:99
DEBUG: draw proj scr_x:397, scr_y:99
DEBUG: draw proj scr_x:406, scr_y:99
DEBUG: draw proj scr_x:414, scr_y:100
DEBUG: draw proj scr_x:422, scr_y:100
DEBUG: draw proj scr_x:431, scr_y:100
DEBUG: draw proj scr_x:439, scr_y:101
DEBUG: draw proj scr_x:447, scr_y:101
DEBUG: draw proj scr_x:456, scr_y:101
DEBUG: draw proj scr_x:464, scr_y:102
DEBUG: draw proj scr_x:472, scr_y:102
DEBUG: draw proj scr_x:481, scr_y:103
DEBUG: draw proj scr_x:489, scr_y:103
DEBUG: draw proj scr_x:497, scr_y:104
DEBUG: draw proj scr_x:506, scr_y:104
DEBUG: draw proj scr_x:514, scr_y:105
DEBUG: draw proj scr_x:522, scr_y:105
DEBUG: draw proj scr_x:529, scr_y:106
INFO: Freed projectile 15 located at scr_x535, y106
DEBUG: draw proj scr_x:255, scr_y:82
DEBUG: draw proj scr_x:264, scr_y:82
DEBUG: draw proj scr_x:272, scr_y:82
DEBUG: draw proj scr_x:281, scr_y:82
DEBUG: draw proj scr_x:289, scr_y:82
DEBUG: draw proj scr_x:297, scr_y:82
DEBUG: draw proj scr_x:306, scr_y:82
DEBUG: draw proj scr_x:314, scr_y:82
DEBUG: draw proj scr_x:322, scr_y:82
DEBUG: draw proj scr_x:331, scr_y:82
DEBUG: draw proj scr_x:339, scr_y:82
DEBUG: draw proj scr_x:347, scr_y:83
DEBUG: draw proj scr_x:255, scr_y:82
DEBUG: draw proj scr_x:356, scr_y:83
DEBUG: draw proj scr_x:264, scr_y:82
DEBUG: draw proj scr_x:364, scr_y:83
DEBUG: draw proj scr_x:272, scr_y:82
DEBUG: draw proj scr_x:372, scr_y:83
DEBUG: draw proj scr_x:281, scr_y:82
DEBUG: draw proj scr_x:381, scr_y:83
DEBUG: draw proj scr_x:289, scr_y:82
DEBUG: draw proj scr_x:389, scr_y:84
DEBUG: draw proj scr_x:297, scr_y:82
DEBUG: draw proj scr_x:397, scr_y:84
DEBUG: draw proj scr_x:306, scr_y:82
DEBUG: draw proj scr_x:406, scr_y:84
DEBUG: draw proj scr_x:314, scr_y:82
DEBUG: draw proj scr_x:414, scr_y:85
DEBUG: draw proj scr_x:322, scr_y:82
DEBUG: draw proj scr_x:422, scr_y:85
DEBUG: draw proj scr_x:331, scr_y:82
DEBUG: draw proj scr_x:431, scr_y:85
DEBUG: draw proj scr_x:339, scr_y:82
DEBUG: draw proj scr_x:439, scr_y:86
DEBUG: draw proj scr_x:347, scr_y:83
DEBUG: draw proj scr_x:447, scr_y:86
DEBUG: draw proj scr_x:255, scr_y:81
DEBUG: draw proj scr_x:356, scr_y:83
DEBUG: draw proj scr_x:456, scr_y:86
DEBUG: draw proj scr_x:264, scr_y:83
DEBUG: draw proj scr_x:364, scr_y:83
DEBUG: draw proj scr_x:464, scr_y:87
DEBUG: draw proj scr_x:272, scr_y:85
DEBUG: draw proj scr_x:372, scr_y:83
DEBUG: draw proj scr_x:472, scr_y:87
DEBUG: draw proj scr_x:280, scr_y:87
DEBUG: draw proj scr_x:381, scr_y:83
DEBUG: draw proj scr_x:481, scr_y:88
DEBUG: draw proj scr_x:288, scr_y:89
DEBUG: draw proj scr_x:389, scr_y:84
DEBUG: draw proj scr_x:489, scr_y:88
DEBUG: draw proj scr_x:296, scr_y:90
DEBUG: draw proj scr_x:397, scr_y:84
DEBUG: draw proj scr_x:497, scr_y:89
DEBUG: draw proj scr_x:304, scr_y:92
DEBUG: draw proj scr_x:406, scr_y:84
DEBUG: draw proj scr_x:506, scr_y:89
DEBUG: draw proj scr_x:313, scr_y:94
DEBUG: draw proj scr_x:414, scr_y:85
DEBUG: draw proj scr_x:514, scr_y:90
DEBUG: draw proj scr_x:321, scr_y:96
DEBUG: draw proj scr_x:422, scr_y:85
DEBUG: draw proj scr_x:522, scr_y:90
INFO: Freed projectile 15 located at scr_x531, y91
DEBUG: draw proj scr_x:329, scr_y:98
DEBUG: draw proj scr_x:431, scr_y:85
DEBUG: draw proj scr_x:337, scr_y:100
DEBUG: draw proj scr_x:439, scr_y:86
DEBUG: draw proj scr_x:345, scr_y:101
DEBUG: draw proj scr_x:447, scr_y:86
DEBUG: draw proj scr_x:353, scr_y:103
DEBUG: draw proj scr_x:456, scr_y:86
DEBUG: draw proj scr_x:362, scr_y:105
DEBUG: draw proj scr_x:464, scr_y:87
DEBUG: draw proj scr_x:370, scr_y:107
DEBUG: draw proj scr_x:472, scr_y:87
DEBUG: draw proj scr_x:378, scr_y:109
DEBUG: draw proj scr_x:481, scr_y:88
DEBUG: draw proj scr_x:386, scr_y:111
DEBUG: draw proj scr_x:489, scr_y:88
DEBUG: draw proj scr_x:255, scr_y:81
DEBUG: draw proj scr_x:394, scr_y:113
DEBUG: draw proj scr_x:497, scr_y:89
DEBUG: draw proj scr_x:261, scr_y:87
DEBUG: draw proj scr_x:402, scr_y:115
DEBUG: draw proj scr_x:506, scr_y:89
DEBUG: draw proj scr_x:267, scr_y:93
INFO: Exploded projectile 13 located at scr_x411, y117
DEBUG: draw proj scr_x:514, scr_y:90
DEBUG: draw proj scr_x:273, scr_y:99
DEBUG: draw proj scr_x:522, scr_y:90
DEBUG: draw proj scr_x:279, scr_y:105
INFO: Freed projectile 14 located at scr_x531, y91
DEBUG: draw proj scr_x:285, scr_y:111
DEBUG: draw proj scr_x:291, scr_y:117
DEBUG: draw proj scr_x:297, scr_y:122
DEBUG: draw proj scr_x:303, scr_y:128
DEBUG: draw proj scr_x:309, scr_y:134
DEBUG: draw proj scr_x:315, scr_y:140
DEBUG: draw proj scr_x:321, scr_y:146
DEBUG: draw proj scr_x:327, scr_y:152
DEBUG: draw proj scr_x:333, scr_y:158
DEBUG: draw proj scr_x:339, scr_y:164
DEBUG: draw proj scr_x:345, scr_y:170
DEBUG: draw proj scr_x:351, scr_y:176
DEBUG: draw proj scr_x:357, scr_y:182
INFO: Exploded projectile 15 located at scr_x363, y188
DEBUG: draw proj scr_x:255, scr_y:81
DEBUG: draw proj scr_x:261, scr_y:88
DEBUG: draw proj scr_x:266, scr_y:94
DEBUG: draw proj scr_x:272, scr_y:101
DEBUG: draw proj scr_x:277, scr_y:107
DEBUG: draw proj scr_x:282, scr_y:114
DEBUG: draw proj scr_x:288, scr_y:120
DEBUG: draw proj scr_x:293, scr_y:127
DEBUG: draw proj scr_x:298, scr_y:133
DEBUG: draw proj scr_x:304, scr_y:140
DEBUG: draw proj scr_x:309, scr_y:146
DEBUG: draw proj scr_x:314, scr_y:153
DEBUG: draw proj scr_x:255, scr_y:81
DEBUG: draw proj scr_x:320, scr_y:159
DEBUG: draw proj scr_x:263, scr_y:85
DEBUG: draw proj scr_x:325, scr_y:166
INFO: Exploded projectile 15 located at scr_x330, y173
DEBUG: draw proj scr_x:270, scr_y:89
DEBUG: draw proj scr_x:278, scr_y:93
DEBUG: draw proj scr_x:287, scr_y:96
DEBUG: draw proj scr_x:297, scr_y:100
DEBUG: draw proj scr_x:306, scr_y:104
DEBUG: draw proj scr_x:316, scr_y:107
DEBUG: draw proj scr_x:325, scr_y:111
DEBUG: draw proj scr_x:335, scr_y:115
DEBUG: draw proj scr_x:344, scr_y:119
DEBUG: draw proj scr_x:354, scr_y:123
DEBUG: draw proj scr_x:363, scr_y:127
DEBUG: draw proj scr_x:373, scr_y:130
DEBUG: draw proj scr_x:382, scr_y:134
DEBUG: draw proj scr_x:392, scr_y:138
DEBUG: draw proj scr_x:401, scr_y:142
DEBUG: draw proj scr_x:411, scr_y:146
INFO: Exploded projectile 14 located at scr_x420, y150
DEBUG: draw proj scr_x:125, scr_y:83
DEBUG: draw proj scr_x:132, scr_y:89
DEBUG: draw proj scr_x:139, scr_y:94
DEBUG: draw proj scr_x:145, scr_y:99
DEBUG: draw proj scr_x:152, scr_y:104
DEBUG: draw proj scr_x:158, scr_y:109
DEBUG: draw proj scr_x:165, scr_y:115
DEBUG: draw proj scr_x:172, scr_y:120
DEBUG: draw proj scr_x:178, scr_y:125
DEBUG: draw proj scr_x:125, scr_y:83
DEBUG: draw proj scr_x:185, scr_y:130
DEBUG: draw proj scr_x:132, scr_y:89
DEBUG: draw proj scr_x:191, scr_y:136
DEBUG: draw proj scr_x:138, scr_y:95
DEBUG: draw proj scr_x:198, scr_y:141
DEBUG: draw proj scr_x:144, scr_y:100
DEBUG: draw proj scr_x:204, scr_y:146
DEBUG: draw proj scr_x:150, scr_y:106
DEBUG: draw proj scr_x:211, scr_y:151
INFO: Exploded projectile 15 located at scr_x218, y157
DEBUG: draw proj scr_x:156, scr_y:112
DEBUG: draw proj scr_x:163, scr_y:117
DEBUG: draw proj scr_x:169, scr_y:123
DEBUG: draw proj scr_x:175, scr_y:129
DEBUG: draw proj scr_x:181, scr_y:134
DEBUG: draw proj scr_x:187, scr_y:140
DEBUG: draw proj scr_x:194, scr_y:146
DEBUG: draw proj scr_x:125, scr_y:83
DEBUG: draw proj scr_x:200, scr_y:152
DEBUG: draw proj scr_x:132, scr_y:89
DEBUG: draw proj scr_x:206, scr_y:157
DEBUG: draw proj scr_x:138, scr_y:95
INFO: Exploded projectile 14 located at scr_x212, y163
DEBUG: draw proj scr_x:144, scr_y:100
DEBUG: draw proj scr_x:150, scr_y:106
DEBUG: draw proj scr_x:156, scr_y:112
DEBUG: draw proj scr_x:163, scr_y:117
DEBUG: draw proj scr_x:169, scr_y:123
DEBUG: draw proj scr_x:175, scr_y:129
DEBUG: draw proj scr_x:181, scr_y:134
DEBUG: draw proj scr_x:187, scr_y:140
DEBUG: draw proj scr_x:194, scr_y:146
DEBUG: draw proj scr_x:125, scr_y:83
DEBUG: draw proj scr_x:200, scr_y:152
DEBUG: draw proj scr_x:132, scr_y:89
DEBUG: draw proj scr_x:206, scr_y:157
INFO: Exploded projectile 15 located at scr_x212, y163
DEBUG: draw proj scr_x:138, scr_y:95
DEBUG: draw proj scr_x:144, scr_y:100
DEBUG: draw proj scr_x:150, scr_y:106
DEBUG: draw proj scr_x:156, scr_y:112
DEBUG: draw proj scr_x:163, scr_y:117
DEBUG: draw proj scr_x:169, scr_y:123
DEBUG: draw proj scr_x:175, scr_y:129
DEBUG: draw proj scr_x:125, scr_y:83
DEBUG: draw proj scr_x:181, scr_y:134
DEBUG: draw proj scr_x:132, scr_y:89
DEBUG: draw proj scr_x:187, scr_y:140
DEBUG: draw proj scr_x:138, scr_y:95
DEBUG: draw proj scr_x:194, scr_y:146
DEBUG: draw proj scr_x:144, scr_y:100
DEBUG: draw proj scr_x:200, scr_y:152
DEBUG: draw proj scr_x:150, scr_y:106
DEBUG: draw proj scr_x:206, scr_y:157
DEBUG: draw proj scr_x:156, scr_y:112
INFO: Exploded projectile 14 located at scr_x212, y163
DEBUG: draw proj scr_x:163, scr_y:117
DEBUG: draw proj scr_x:169, scr_y:123
DEBUG: draw proj scr_x:175, scr_y:129
DEBUG: draw proj scr_x:181, scr_y:134
DEBUG: draw proj scr_x:187, scr_y:140
DEBUG: draw proj scr_x:194, scr_y:146
DEBUG: draw proj scr_x:200, scr_y:152
DEBUG: draw proj scr_x:206, scr_y:157
INFO: Exploded projectile 15 located at scr_x212, y163
DEBUG: draw proj scr_x:255, scr_y:101
DEBUG: draw proj scr_x:260, scr_y:107
DEBUG: draw proj scr_x:264, scr_y:113
DEBUG: draw proj scr_x:268, scr_y:118
DEBUG: draw proj scr_x:272, scr_y:124
INFO: Exploded projectile 15 located at scr_x276, y130
DEBUG: draw proj scr_x:255, scr_y:116
DEBUG: draw proj scr_x:260, scr_y:122
DEBUG: draw proj scr_x:264, scr_y:128
INFO: Exploded projectile 15 located at scr_x268, y133
DEBUG: draw proj scr_x:255, scr_y:113
DEBUG: draw proj scr_x:260, scr_y:119
INFO: Exploded projectile 15 located at scr_x264, y125
DEBUG: draw proj scr_x:255, scr_y:94
DEBUG: draw proj scr_x:260, scr_y:100
INFO: Exploded projectile 15 located at scr_x264, y106
DEBUG: draw proj scr_x:255, scr_y:81
DEBUG: draw proj scr_x:260, scr_y:87
DEBUG: draw proj scr_x:264, scr_y:93
DEBUG: draw proj scr_x:268, scr_y:98
DEBUG: draw proj scr_x:272, scr_y:104
INFO: Exploded projectile 15 located at scr_x276, y110
DEBUG: draw proj scr_x:255, scr_y:77
DEBUG: draw proj scr_x:260, scr_y:83
DEBUG: draw proj scr_x:264, scr_y:89
DEBUG: draw proj scr_x:268, scr_y:94
DEBUG: draw proj scr_x:272, scr_y:100
DEBUG: draw proj scr_x:276, scr_y:106
INFO: Exploded projectile 15 located at scr_x281, y111
DEBUG: draw proj scr_x:103, scr_y:76
DEBUG: draw proj scr_x:110, scr_y:82
DEBUG: draw proj scr_x:116, scr_y:88
DEBUG: draw proj scr_x:122, scr_y:93
DEBUG: draw proj scr_x:128, scr_y:99
DEBUG: draw proj scr_x:134, scr_y:105
DEBUG: draw proj scr_x:141, scr_y:110
DEBUG: draw proj scr_x:147, scr_y:116
DEBUG: draw proj scr_x:153, scr_y:122
DEBUG: draw proj scr_x:103, scr_y:76
DEBUG: draw proj scr_x:159, scr_y:127
DEBUG: draw proj scr_x:110, scr_y:82
DEBUG: draw proj scr_x:165, scr_y:133
DEBUG: draw proj scr_x:116, scr_y:88
DEBUG: draw proj scr_x:172, scr_y:139
DEBUG: draw proj scr_x:122, scr_y:93
DEBUG: draw proj scr_x:178, scr_y:145
DEBUG: draw proj scr_x:128, scr_y:99
DEBUG: draw proj scr_x:184, scr_y:150
DEBUG: draw proj scr_x:134, scr_y:105
DEBUG: draw proj scr_x:190, scr_y:156
DEBUG: draw proj scr_x:141, scr_y:110
DEBUG: draw proj scr_x:196, scr_y:162
INFO: Exploded projectile 15 located at scr_x203, y168
DEBUG: draw proj scr_x:147, scr_y:116
DEBUG: draw proj scr_x:153, scr_y:122
DEBUG: draw proj scr_x:159, scr_y:127
DEBUG: draw proj scr_x:165, scr_y:133
DEBUG: draw proj scr_x:103, scr_y:76
DEBUG: draw proj scr_x:172, scr_y:139
DEBUG: draw proj scr_x:110, scr_y:82
DEBUG: draw proj scr_x:178, scr_y:145
DEBUG: draw proj scr_x:116, scr_y:88
DEBUG: draw proj scr_x:184, scr_y:150
DEBUG: draw proj scr_x:122, scr_y:93
DEBUG: draw proj scr_x:190, scr_y:156
DEBUG: draw proj scr_x:128, scr_y:99
DEBUG: draw proj scr_x:196, scr_y:162
DEBUG: draw proj scr_x:134, scr_y:105
INFO: Exploded projectile 14 located at scr_x203, y168
DEBUG: draw proj scr_x:141, scr_y:110
DEBUG: draw proj scr_x:147, scr_y:116
DEBUG: draw proj scr_x:153, scr_y:122
DEBUG: draw proj scr_x:103, scr_y:76
DEBUG: draw proj scr_x:159, scr_y:127
DEBUG: draw proj scr_x:110, scr_y:82
DEBUG: draw proj scr_x:165, scr_y:133
DEBUG: draw proj scr_x:116, scr_y:88
DEBUG: draw proj scr_x:172, scr_y:139
DEBUG: draw proj scr_x:122, scr_y:93
DEBUG: draw proj scr_x:178, scr_y:145
DEBUG: draw proj scr_x:128, scr_y:99
DEBUG: draw proj scr_x:184, scr_y:150
DEBUG: draw proj scr_x:134, scr_y:105
DEBUG: draw proj scr_x:190, scr_y:156
DEBUG: draw proj scr_x:141, scr_y:110
DEBUG: draw proj scr_x:196, scr_y:162
INFO: Exploded projectile 15 located at scr_x203, y168
DEBUG: draw proj scr_x:147, scr_y:116
DEBUG: draw proj scr_x:153, scr_y:122
DEBUG: draw proj scr_x:159, scr_y:127
DEBUG: draw proj scr_x:165, scr_y:133
DEBUG: draw proj scr_x:172, scr_y:139
DEBUG: draw proj scr_x:178, scr_y:145
DEBUG: draw proj scr_x:184, scr_y:150
DEBUG: draw proj scr_x:190, scr_y:156
DEBUG: draw proj scr_x:196, scr_y:162
INFO: Exploded projectile 14 located at scr_x203, y168
DEBUG: draw proj scr_x:255, scr_y:149
DEBUG: draw proj scr_x:260, scr_y:155
DEBUG: draw proj scr_x:264, scr_y:161
DEBUG: draw proj scr_x:268, scr_y:166
DEBUG: draw proj scr_x:272, scr_y:172
DEBUG: draw proj scr_x:276, scr_y:178
INFO: Exploded projectile 15 located at scr_x281, y183
DEBUG: draw proj scr_x:255, scr_y:159
DEBUG: draw proj scr_x:260, scr_y:165
DEBUG: draw proj scr_x:264, scr_y:171
DEBUG: draw proj scr_x:268, scr_y:176
INFO: Exploded projectile 14 located at scr_x272, y182
DEBUG: draw proj scr_x:256, scr_y:80
DEBUG: draw proj scr_x:248, scr_y:84
DEBUG: draw proj scr_x:241, scr_y:88
DEBUG: draw proj scr_x:233, scr_y:92
DEBUG: draw proj scr_x:226, scr_y:96
DEBUG: draw proj scr_x:219, scr_y:100
DEBUG: draw proj scr_x:211, scr_y:104
DEBUG: draw proj scr_x:204, scr_y:108
DEBUG: draw proj scr_x:197, scr_y:112
DEBUG: draw proj scr_x:189, scr_y:116
DEBUG: draw proj scr_x:256, scr_y:80
DEBUG: draw proj scr_x:182, scr_y:120
DEBUG: draw proj scr_x:248, scr_y:84
DEBUG: draw proj scr_x:175, scr_y:124
DEBUG: draw proj scr_x:241, scr_y:88
DEBUG: draw proj scr_x:167, scr_y:129
DEBUG: draw proj scr_x:233, scr_y:92
DEBUG: draw proj scr_x:160, scr_y:133
DEBUG: draw proj scr_x:226, scr_y:96
DEBUG: draw proj scr_x:152, scr_y:137
DEBUG: draw proj scr_x:219, scr_y:100
DEBUG: draw proj scr_x:145, scr_y:141
DEBUG: draw proj scr_x:211, scr_y:104
DEBUG: draw proj scr_x:138, scr_y:145
DEBUG: draw proj scr_x:204, scr_y:108
DEBUG: draw proj scr_x:130, scr_y:149
DEBUG: draw proj scr_x:256, scr_y:80
DEBUG: draw proj scr_x:197, scr_y:112
DEBUG: draw proj scr_x:123, scr_y:153
INFO: Exploded projectile 15 located at scr_x116, y158
DEBUG: draw proj scr_x:248, scr_y:84
DEBUG: draw proj scr_x:189, scr_y:116
DEBUG: draw proj scr_x:241, scr_y:88
DEBUG: draw proj scr_x:182, scr_y:120
DEBUG: draw proj scr_x:233, scr_y:92
DEBUG: draw proj scr_x:175, scr_y:124
DEBUG: draw proj scr_x:226, scr_y:96
DEBUG: draw proj scr_x:167, scr_y:129
DEBUG: draw proj scr_x:219, scr_y:100
DEBUG: draw proj scr_x:160, scr_y:133
DEBUG: draw proj scr_x:211, scr_y:104
DEBUG: draw proj scr_x:152, scr_y:137
DEBUG: draw proj scr_x:204, scr_y:108
DEBUG: draw proj scr_x:145, scr_y:141
DEBUG: draw proj scr_x:197, scr_y:112
DEBUG: draw proj scr_x:138, scr_y:145
DEBUG: draw proj scr_x:189, scr_y:116
DEBUG: draw proj scr_x:130, scr_y:149
DEBUG: draw proj scr_x:182, scr_y:120
DEBUG: draw proj scr_x:123, scr_y:153
DEBUG: draw proj scr_x:256, scr_y:80
INFO: Exploded projectile 14 located at scr_x116, y158
DEBUG: draw proj scr_x:175, scr_y:124
DEBUG: draw proj scr_x:248, scr_y:84
DEBUG: draw proj scr_x:167, scr_y:129
DEBUG: draw proj scr_x:241, scr_y:88
DEBUG: draw proj scr_x:160, scr_y:133
DEBUG: draw proj scr_x:233, scr_y:92
DEBUG: draw proj scr_x:152, scr_y:137
DEBUG: draw proj scr_x:226, scr_y:96
DEBUG: draw proj scr_x:145, scr_y:141
DEBUG: draw proj scr_x:219, scr_y:100
DEBUG: draw proj scr_x:138, scr_y:145
DEBUG: draw proj scr_x:211, scr_y:104
DEBUG: draw proj scr_x:130, scr_y:149
DEBUG: draw proj scr_x:204, scr_y:108
DEBUG: draw proj scr_x:123, scr_y:153
DEBUG: draw proj scr_x:256, scr_y:80
DEBUG: draw proj scr_x:197, scr_y:112
INFO: Exploded projectile 13 located at scr_x116, y158
DEBUG: draw proj scr_x:248, scr_y:84
DEBUG: draw proj scr_x:189, scr_y:116
DEBUG: draw proj scr_x:241, scr_y:88
DEBUG: draw proj scr_x:182, scr_y:120
DEBUG: draw proj scr_x:233, scr_y:92
DEBUG: draw proj scr_x:175, scr_y:124
DEBUG: draw proj scr_x:226, scr_y:96
DEBUG: draw proj scr_x:167, scr_y:129
DEBUG: draw proj scr_x:219, scr_y:100
DEBUG: draw proj scr_x:160, scr_y:133
DEBUG: draw proj scr_x:211, scr_y:104
DEBUG: draw proj scr_x:152, scr_y:137
DEBUG: draw proj scr_x:204, scr_y:108
DEBUG: draw proj scr_x:145, scr_y:141
DEBUG: draw proj scr_x:197, scr_y:112
DEBUG: draw proj scr_x:138, scr_y:145
DEBUG: draw proj scr_x:189, scr_y:116
DEBUG: draw proj scr_x:130, scr_y:149
DEBUG: draw proj scr_x:182, scr_y:120
DEBUG: draw proj scr_x:123, scr_y:153
INFO: Exploded projectile 15 located at scr_x116, y158
DEBUG: draw proj scr_x:175, scr_y:124
DEBUG: draw proj scr_x:167, scr_y:129
DEBUG: draw proj scr_x:256, scr_y:80
DEBUG: draw proj scr_x:160, scr_y:133
DEBUG: draw proj scr_x:248, scr_y:84
DEBUG: draw proj scr_x:152, scr_y:137
DEBUG: draw proj scr_x:241, scr_y:88
DEBUG: draw proj scr_x:145, scr_y:141
DEBUG: draw proj scr_x:233, scr_y:92
DEBUG: draw proj scr_x:138, scr_y:145
DEBUG: draw proj scr_x:226, scr_y:96
DEBUG: draw proj scr_x:130, scr_y:149
DEBUG: draw proj scr_x:219, scr_y:100
DEBUG: draw proj scr_x:123, scr_y:153
DEBUG: draw proj scr_x:211, scr_y:104
INFO: Exploded projectile 14 located at scr_x116, y158
DEBUG: draw proj scr_x:256, scr_y:80
DEBUG: draw proj scr_x:204, scr_y:108
DEBUG: draw proj scr_x:248, scr_y:84
DEBUG: draw proj scr_x:197, scr_y:112
DEBUG: draw proj scr_x:241, scr_y:88
DEBUG: draw proj scr_x:189, scr_y:116
DEBUG: draw proj scr_x:233, scr_y:92
DEBUG: draw proj scr_x:182, scr_y:120
DEBUG: draw proj scr_x:226, scr_y:96
DEBUG: draw proj scr_x:175, scr_y:124
DEBUG: draw proj scr_x:219, scr_y:100
DEBUG: draw proj scr_x:167, scr_y:129
DEBUG: draw proj scr_x:211, scr_y:104
DEBUG: draw proj scr_x:256, scr_y:80
DEBUG: draw proj scr_x:160, scr_y:133
DEBUG: draw proj scr_x:204, scr_y:108
DEBUG: draw proj scr_x:248, scr_y:84
DEBUG: draw proj scr_x:152, scr_y:137
DEBUG: draw proj scr_x:197, scr_y:112
DEBUG: draw proj scr_x:241, scr_y:88
DEBUG: draw proj scr_x:145, scr_y:141
DEBUG: draw proj scr_x:189, scr_y:116
DEBUG: draw proj scr_x:233, scr_y:92
DEBUG: draw proj scr_x:138, scr_y:145
DEBUG: draw proj scr_x:182, scr_y:120
DEBUG: draw proj scr_x:226, scr_y:96
DEBUG: draw proj scr_x:130, scr_y:149
DEBUG: draw proj scr_x:175, scr_y:124
DEBUG: draw proj scr_x:219, scr_y:100
DEBUG: draw proj scr_x:123, scr_y:153
INFO: Exploded projectile 15 located at scr_x116, y158
DEBUG: draw proj scr_x:167, scr_y:129
DEBUG: draw proj scr_x:211, scr_y:104
DEBUG: draw proj scr_x:160, scr_y:133
DEBUG: draw proj scr_x:204, scr_y:108
DEBUG: draw proj scr_x:256, scr_y:80
DEBUG: draw proj scr_x:152, scr_y:137
DEBUG: draw proj scr_x:197, scr_y:112
DEBUG: draw proj scr_x:248, scr_y:84
DEBUG: draw proj scr_x:145, scr_y:141
DEBUG: draw proj scr_x:189, scr_y:116
DEBUG: draw proj scr_x:241, scr_y:88
DEBUG: draw proj scr_x:138, scr_y:145
DEBUG: draw proj scr_x:182, scr_y:120
DEBUG: draw proj scr_x:233, scr_y:92
DEBUG: draw proj scr_x:130, scr_y:149
DEBUG: draw proj scr_x:175, scr_y:124
DEBUG: draw proj scr_x:226, scr_y:96
DEBUG: draw proj scr_x:123, scr_y:153
DEBUG: draw proj scr_x:167, scr_y:129
DEBUG: draw proj scr_x:219, scr_y:100
INFO: Exploded projectile 13 located at scr_x116, y158
DEBUG: draw proj scr_x:256, scr_y:80
DEBUG: draw proj scr_x:160, scr_y:133
DEBUG: draw proj scr_x:211, scr_y:104
DEBUG: draw proj scr_x:248, scr_y:84
DEBUG: draw proj scr_x:152, scr_y:137
DEBUG: draw proj scr_x:204, scr_y:108
DEBUG: draw proj scr_x:241, scr_y:88
DEBUG: draw proj scr_x:145, scr_y:141
DEBUG: draw proj scr_x:197, scr_y:112
DEBUG: draw proj scr_x:233, scr_y:92
DEBUG: draw proj scr_x:138, scr_y:145
DEBUG: draw proj scr_x:189, scr_y:116
DEBUG: draw proj scr_x:226, scr_y:96
DEBUG: draw proj scr_x:130, scr_y:149
DEBUG: draw proj scr_x:182, scr_y:120
DEBUG: draw proj scr_x:219, scr_y:100
DEBUG: draw proj scr_x:123, scr_y:153
DEBUG: draw proj scr_x:175, scr_y:124
INFO: Exploded projectile 14 located at scr_x116, y158
DEBUG: draw proj scr_x:211, scr_y:104
DEBUG: draw proj scr_x:167, scr_y:129
DEBUG: draw proj scr_x:204, scr_y:108
DEBUG: draw proj scr_x:256, scr_y:80
DEBUG: draw proj scr_x:160, scr_y:133
DEBUG: draw proj scr_x:197, scr_y:112
DEBUG: draw proj scr_x:248, scr_y:84
DEBUG: draw proj scr_x:152, scr_y:137
DEBUG: draw proj scr_x:189, scr_y:116
DEBUG: draw proj scr_x:241, scr_y:88
DEBUG: draw proj scr_x:145, scr_y:141
DEBUG: draw proj scr_x:182, scr_y:120
DEBUG: draw proj scr_x:233, scr_y:92
DEBUG: draw proj scr_x:138, scr_y:145
DEBUG: draw proj scr_x:175, scr_y:124
DEBUG: draw proj scr_x:226, scr_y:96
DEBUG: draw proj scr_x:130, scr_y:149
DEBUG: draw proj scr_x:167, scr_y:129
DEBUG: draw proj scr_x:219, scr_y:100
DEBUG: draw proj scr_x:123, scr_y:153
INFO: Exploded projectile 15 located at scr_x116, y158
DEBUG: draw proj scr_x:160, scr_y:133
DEBUG: draw proj scr_x:211, scr_y:104
DEBUG: draw proj scr_x:152, scr_y:137
DEBUG: draw proj scr_x:204, scr_y:108
DEBUG: draw proj scr_x:145, scr_y:141
DEBUG: draw proj scr_x:197, scr_y:112
DEBUG: draw proj scr_x:138, scr_y:145
DEBUG: draw proj scr_x:189, scr_y:116
DEBUG: draw proj scr_x:130, scr_y:149
DEBUG: draw proj scr_x:182, scr_y:120
DEBUG: draw proj scr_x:123, scr_y:153
DEBUG: draw proj scr_x:175, scr_y:124
INFO: Exploded projectile 12 located at scr_x116, y158
DEBUG: draw proj scr_x:167, scr_y:129
DEBUG: draw proj scr_x:160, scr_y:133
DEBUG: draw proj scr_x:152, scr_y:137
DEBUG: draw proj scr_x:145, scr_y:141
DEBUG: draw proj scr_x:138, scr_y:145
DEBUG: draw proj scr_x:130, scr_y:149
DEBUG: draw proj scr_x:123, scr_y:153
INFO: Exploded projectile 14 located at scr_x116, y158
