  gfx.cpp
C:\Users\WilliamsFrancis\Documents\Visual Studio 2019\Projects\PSP\Dependencies\PSPSDK\include\psptypes.h(68,23): error C4430: missing type specifier - int assumed. Note: C++ does not support default-int
C:\Users\WilliamsFrancis\Documents\Visual Studio 2019\Projects\PSP\Dependencies\PSPSDK\include\psptypes.h(68,19): error C2146: syntax error: missing ';' before identifier 'u8'
C:\Users\WilliamsFrancis\Documents\Visual Studio 2019\Projects\PSP\Dependencies\PSPSDK\include\psptypes.h(69,23): error C4430: missing type specifier - int assumed. Note: C++ does not support default-int
C:\Users\WilliamsFrancis\Documents\Visual Studio 2019\Projects\PSP\Dependencies\PSPSDK\include\psptypes.h(69,8): error C2086: 'int __inline__': redefinition
C:\Users\WilliamsFrancis\Documents\Visual Studio 2019\Projects\PSP\Dependencies\PSPSDK\include\psptypes.h(68): message : see declaration of '__inline__'
C:\Users\WilliamsFrancis\Documents\Visual Studio 2019\Projects\PSP\Dependencies\PSPSDK\include\psptypes.h(69,19): error C2146: syntax error: missing ';' before identifier 'u16'
C:\Users\WilliamsFrancis\Documents\Visual Studio 2019\Projects\PSP\Dependencies\PSPSDK\include\psptypes.h(70,23): error C4430: missing type specifier - int assumed. Note: C++ does not support default-int
C:\Users\WilliamsFrancis\Documents\Visual Studio 2019\Projects\PSP\Dependencies\PSPSDK\include\psptypes.h(70,8): error C2086: 'int __inline__': redefinition
C:\Users\WilliamsFrancis\Documents\Visual Studio 2019\Projects\PSP\Dependencies\PSPSDK\include\psptypes.h(68): message : see declaration of '__inline__'
C:\Users\WilliamsFrancis\Documents\Visual Studio 2019\Projects\PSP\Dependencies\PSPSDK\include\psptypes.h(70,19): error C2146: syntax error: missing ';' before identifier 'u32'
C:\Users\WilliamsFrancis\Documents\Visual Studio 2019\Projects\PSP\Dependencies\PSPSDK\include\psptypes.h(71,23): error C4430: missing type specifier - int assumed. Note: C++ does not support default-int
C:\Users\WilliamsFrancis\Documents\Visual Studio 2019\Projects\PSP\Dependencies\PSPSDK\include\psptypes.h(71,8): error C2086: 'int __inline__': redefinition
C:\Users\WilliamsFrancis\Documents\Visual Studio 2019\Projects\PSP\Dependencies\PSPSDK\include\psptypes.h(68): message : see declaration of '__inline__'
C:\Users\WilliamsFrancis\Documents\Visual Studio 2019\Projects\PSP\Dependencies\PSPSDK\include\psptypes.h(71,19): error C2146: syntax error: missing ';' before identifier 'u64'
C:\Users\WilliamsFrancis\Documents\Visual Studio 2019\Projects\PSP\Dependencies\PSPSDK\include\psptypes.h(73,19): error C2144: syntax error: 'void' should be preceded by ';'
C:\Users\WilliamsFrancis\Documents\Visual Studio 2019\Projects\PSP\Dependencies\PSPSDK\include\psptypes.h(73,24): error C4430: missing type specifier - int assumed. Note: C++ does not support default-int
C:\Users\WilliamsFrancis\Documents\Visual Studio 2019\Projects\PSP\Dependencies\PSPSDK\include\psptypes.h(73,8): error C2086: 'int __inline__': redefinition
C:\Users\WilliamsFrancis\Documents\Visual Studio 2019\Projects\PSP\Dependencies\PSPSDK\include\psptypes.h(68): message : see declaration of '__inline__'
C:\Users\WilliamsFrancis\Documents\Visual Studio 2019\Projects\PSP\Dependencies\PSPSDK\include\psptypes.h(74,19): error C2144: syntax error: 'void' should be preceded by ';'
C:\Users\WilliamsFrancis\Documents\Visual Studio 2019\Projects\PSP\Dependencies\PSPSDK\include\psptypes.h(74,24): error C4430: missing type specifier - int assumed. Note: C++ does not support default-int
C:\Users\WilliamsFrancis\Documents\Visual Studio 2019\Projects\PSP\Dependencies\PSPSDK\include\psptypes.h(74,8): error C2086: 'int __inline__': redefinition
C:\Users\WilliamsFrancis\Documents\Visual Studio 2019\Projects\PSP\Dependencies\PSPSDK\include\psptypes.h(68): message : see declaration of '__inline__'
C:\Users\WilliamsFrancis\Documents\Visual Studio 2019\Projects\PSP\Dependencies\PSPSDK\include\psptypes.h(75,19): error C2144: syntax error: 'void' should be preceded by ';'
C:\Users\WilliamsFrancis\Documents\Visual Studio 2019\Projects\PSP\Dependencies\PSPSDK\include\psptypes.h(75,24): error C4430: missing type specifier - int assumed. Note: C++ does not support default-int
C:\Users\WilliamsFrancis\Documents\Visual Studio 2019\Projects\PSP\Dependencies\PSPSDK\include\psptypes.h(75,8): error C2086: 'int __inline__': redefinition
C:\Users\WilliamsFrancis\Documents\Visual Studio 2019\Projects\PSP\Dependencies\PSPSDK\include\psptypes.h(68): message : see declaration of '__inline__'
C:\Users\WilliamsFrancis\Documents\Visual Studio 2019\Projects\PSP\Dependencies\PSPSDK\include\psptypes.h(76,19): error C2144: syntax error: 'void' should be preceded by ';'
C:\Users\WilliamsFrancis\Documents\Visual Studio 2019\Projects\PSP\Dependencies\PSPSDK\include\psptypes.h(76,24): error C4430: missing type specifier - int assumed. Note: C++ does not support default-int
C:\Users\WilliamsFrancis\Documents\Visual Studio 2019\Projects\PSP\Dependencies\PSPSDK\include\psptypes.h(76,8): error C2086: 'int __inline__': redefinition
C:\Users\WilliamsFrancis\Documents\Visual Studio 2019\Projects\PSP\Dependencies\PSPSDK\include\psptypes.h(68): message : see declaration of '__inline__'
C:\Users\WilliamsFrancis\Documents\Visual Studio 2019\Projects\PSP\Dependencies\PSPSDK\include\psptypes.h(223,18): error C2146: syntax error: missing ';' before identifier '__attribute__'
C:\Users\WilliamsFrancis\Documents\Visual Studio 2019\Projects\PSP\Dependencies\PSPSDK\include\psptypes.h(223,33): error C3861: 'aligned': identifier not found
C:\Users\WilliamsFrancis\Documents\Visual Studio 2019\Projects\PSP\Dependencies\PSPSDK\include\psptypes.h(223,45): error C4430: missing type specifier - int assumed. Note: C++ does not support default-int
C:\Users\WilliamsFrancis\Documents\Visual Studio 2019\Projects\PSP\Dependencies\PSPSDK\include\psptypes.h(238,17): error C2146: syntax error: missing ';' before identifier '__attribute__'
C:\Users\WilliamsFrancis\Documents\Visual Studio 2019\Projects\PSP\Dependencies\PSPSDK\include\psptypes.h(238,32): error C3861: 'aligned': identifier not found
C:\Users\WilliamsFrancis\Documents\Visual Studio 2019\Projects\PSP\Dependencies\PSPSDK\include\psptypes.h(238,44): error C4430: missing type specifier - int assumed. Note: C++ does not support default-int
C:\Users\WilliamsFrancis\Documents\Visual Studio 2019\Projects\PSP\Dependencies\PSPSDK\include\psptypes.h(238,17): error C2374: '__attribute__': redefinition; multiple initialization
C:\Users\WilliamsFrancis\Documents\Visual Studio 2019\Projects\PSP\Dependencies\PSPSDK\include\psptypes.h(223): message : see declaration of '__attribute__'
C:\Users\WilliamsFrancis\Documents\Visual Studio 2019\Projects\PSP\Dependencies\PSPSDK\include\psptypes.h(292,18): error C2146: syntax error: missing ';' before identifier '__attribute__'
C:\Users\WilliamsFrancis\Documents\Visual Studio 2019\Projects\PSP\Dependencies\PSPSDK\include\psptypes.h(292,33): error C3861: 'aligned': identifier not found
C:\Users\WilliamsFrancis\Documents\Visual Studio 2019\Projects\PSP\Dependencies\PSPSDK\include\psptypes.h(292,45): error C4430: missing type specifier - int assumed. Note: C++ does not support default-int
C:\Users\WilliamsFrancis\Documents\Visual Studio 2019\Projects\PSP\Dependencies\PSPSDK\include\psptypes.h(292,18): error C2374: '__attribute__': redefinition; multiple initialization
C:\Users\WilliamsFrancis\Documents\Visual Studio 2019\Projects\PSP\Dependencies\PSPSDK\include\psptypes.h(223): message : see declaration of '__attribute__'
C:\Users\WilliamsFrancis\Documents\Visual Studio 2019\Projects\PSP\Dependencies\PSPSDK\include\psptypes.h(306,18): error C2146: syntax error: missing ';' before identifier '__attribute__'
C:\Users\WilliamsFrancis\Documents\Visual Studio 2019\Projects\PSP\Dependencies\PSPSDK\include\psptypes.h(306,33): error C3861: 'aligned': identifier not found
C:\Users\WilliamsFrancis\Documents\Visual Studio 2019\Projects\PSP\Dependencies\PSPSDK\include\psptypes.h(306,45): error C4430: missing type specifier - int assumed. Note: C++ does not support default-int
C:\Users\WilliamsFrancis\Documents\Visual Studio 2019\Projects\PSP\Dependencies\PSPSDK\include\psptypes.h(306,18): error C2374: '__attribute__': redefinition; multiple initialization
C:\Users\WilliamsFrancis\Documents\Visual Studio 2019\Projects\PSP\Dependencies\PSPSDK\include\psptypes.h(223): message : see declaration of '__attribute__'
C:\Users\WilliamsFrancis\Documents\Visual Studio 2019\Projects\PSP\Dependencies\PSPSDK\include\psptypes.h(332,21): error C2146: syntax error: missing ';' before identifier '__attribute__'
C:\Users\WilliamsFrancis\Documents\Visual Studio 2019\Projects\PSP\Dependencies\PSPSDK\include\psptypes.h(332,36): error C3861: 'aligned': identifier not found
C:\Users\WilliamsFrancis\Documents\Visual Studio 2019\Projects\PSP\Dependencies\PSPSDK\include\psptypes.h(332,48): error C4430: missing type specifier - int assumed. Note: C++ does not support default-int
C:\Users\WilliamsFrancis\Documents\Visual Studio 2019\Projects\PSP\Dependencies\PSPSDK\include\psptypes.h(332,21): error C2374: '__attribute__': redefinition; multiple initialization
C:\Users\WilliamsFrancis\Documents\Visual Studio 2019\Projects\PSP\Dependencies\PSPSDK\include\psptypes.h(223): message : see declaration of '__attribute__'
C:\Users\WilliamsFrancis\Documents\Visual Studio 2019\Projects\PSP\Dependencies\PSPSDK\include\psptypes.h(347,16): error C2146: syntax error: missing ';' before identifier '__attribute__'
C:\Users\WilliamsFrancis\Documents\Visual Studio 2019\Projects\PSP\Dependencies\PSPSDK\include\psptypes.h(347,31): error C3861: 'aligned': identifier not found
C:\Users\WilliamsFrancis\Documents\Visual Studio 2019\Projects\PSP\Dependencies\PSPSDK\include\psptypes.h(347,43): error C4430: missing type specifier - int assumed. Note: C++ does not support default-int
C:\Users\WilliamsFrancis\Documents\Visual Studio 2019\Projects\PSP\Dependencies\PSPSDK\include\psptypes.h(347,16): error C2374: '__attribute__': redefinition; multiple initialization
C:\Users\WilliamsFrancis\Documents\Visual Studio 2019\Projects\PSP\Dependencies\PSPSDK\include\psptypes.h(223): message : see declaration of '__attribute__'
C:\Users\WilliamsFrancis\Documents\Visual Studio 2019\Projects\PSP\Dependencies\PSPSDK\include\psptypes.h(417,18): error C2146: syntax error: missing ';' before identifier '__attribute__'
C:\Users\WilliamsFrancis\Documents\Visual Studio 2019\Projects\PSP\Dependencies\PSPSDK\include\psptypes.h(417,33): error C3861: 'aligned': identifier not found
C:\Users\WilliamsFrancis\Documents\Visual Studio 2019\Projects\PSP\Dependencies\PSPSDK\include\psptypes.h(417,45): error C4430: missing type specifier - int assumed. Note: C++ does not support default-int
C:\Users\WilliamsFrancis\Documents\Visual Studio 2019\Projects\PSP\Dependencies\PSPSDK\include\psptypes.h(417,18): error C2374: '__attribute__': redefinition; multiple initialization
C:\Users\WilliamsFrancis\Documents\Visual Studio 2019\Projects\PSP\Dependencies\PSPSDK\include\psptypes.h(223): message : see declaration of '__attribute__'
C:\Users\WilliamsFrancis\Documents\Visual Studio 2019\Projects\PSP\Dependencies\PSPSDK\include\psputils.h(32,10): fatal error C1083: Cannot open include file: 'sys/time.h': No such file or directory
  main.cpp
C:\Users\WilliamsFrancis\Documents\Visual Studio 2019\Projects\PSP\Dependencies\PSPSDK\include\psptypes.h(68,23): error C4430: missing type specifier - int assumed. Note: C++ does not support default-int
C:\Users\WilliamsFrancis\Documents\Visual Studio 2019\Projects\PSP\Dependencies\PSPSDK\include\psptypes.h(68,19): error C2146: syntax error: missing ';' before identifier 'u8'
C:\Users\WilliamsFrancis\Documents\Visual Studio 2019\Projects\PSP\Dependencies\PSPSDK\include\psptypes.h(69,23): error C4430: missing type specifier - int assumed. Note: C++ does not support default-int
C:\Users\WilliamsFrancis\Documents\Visual Studio 2019\Projects\PSP\Dependencies\PSPSDK\include\psptypes.h(69,8): error C2086: 'int __inline__': redefinition
C:\Users\WilliamsFrancis\Documents\Visual Studio 2019\Projects\PSP\Dependencies\PSPSDK\include\psptypes.h(68): message : see declaration of '__inline__'
C:\Users\WilliamsFrancis\Documents\Visual Studio 2019\Projects\PSP\Dependencies\PSPSDK\include\psptypes.h(69,19): error C2146: syntax error: missing ';' before identifier 'u16'
C:\Users\WilliamsFrancis\Documents\Visual Studio 2019\Projects\PSP\Dependencies\PSPSDK\include\psptypes.h(70,23): error C4430: missing type specifier - int assumed. Note: C++ does not support default-int
C:\Users\WilliamsFrancis\Documents\Visual Studio 2019\Projects\PSP\Dependencies\PSPSDK\include\psptypes.h(70,8): error C2086: 'int __inline__': redefinition
C:\Users\WilliamsFrancis\Documents\Visual Studio 2019\Projects\PSP\Dependencies\PSPSDK\include\psptypes.h(68): message : see declaration of '__inline__'
C:\Users\WilliamsFrancis\Documents\Visual Studio 2019\Projects\PSP\Dependencies\PSPSDK\include\psptypes.h(70,19): error C2146: syntax error: missing ';' before identifier 'u32'
C:\Users\WilliamsFrancis\Documents\Visual Studio 2019\Projects\PSP\Dependencies\PSPSDK\include\psptypes.h(71,23): error C4430: missing type specifier - int assumed. Note: C++ does not support default-int
C:\Users\WilliamsFrancis\Documents\Visual Studio 2019\Projects\PSP\Dependencies\PSPSDK\include\psptypes.h(71,8): error C2086: 'int __inline__': redefinition
C:\Users\WilliamsFrancis\Documents\Visual Studio 2019\Projects\PSP\Dependencies\PSPSDK\include\psptypes.h(68): message : see declaration of '__inline__'
C:\Users\WilliamsFrancis\Documents\Visual Studio 2019\Projects\PSP\Dependencies\PSPSDK\include\psptypes.h(71,19): error C2146: syntax error: missing ';' before identifier 'u64'
C:\Users\WilliamsFrancis\Documents\Visual Studio 2019\Projects\PSP\Dependencies\PSPSDK\include\psptypes.h(73,19): error C2144: syntax error: 'void' should be preceded by ';'
C:\Users\WilliamsFrancis\Documents\Visual Studio 2019\Projects\PSP\Dependencies\PSPSDK\include\psptypes.h(73,24): error C4430: missing type specifier - int assumed. Note: C++ does not support default-int
C:\Users\WilliamsFrancis\Documents\Visual Studio 2019\Projects\PSP\Dependencies\PSPSDK\include\psptypes.h(73,8): error C2086: 'int __inline__': redefinition
C:\Users\WilliamsFrancis\Documents\Visual Studio 2019\Projects\PSP\Dependencies\PSPSDK\include\psptypes.h(68): message : see declaration of '__inline__'
C:\Users\WilliamsFrancis\Documents\Visual Studio 2019\Projects\PSP\Dependencies\PSPSDK\include\psptypes.h(74,19): error C2144: syntax error: 'void' should be preceded by ';'
C:\Users\WilliamsFrancis\Documents\Visual Studio 2019\Projects\PSP\Dependencies\PSPSDK\include\psptypes.h(74,24): error C4430: missing type specifier - int assumed. Note: C++ does not support default-int
C:\Users\WilliamsFrancis\Documents\Visual Studio 2019\Projects\PSP\Dependencies\PSPSDK\include\psptypes.h(74,8): error C2086: 'int __inline__': redefinition
C:\Users\WilliamsFrancis\Documents\Visual Studio 2019\Projects\PSP\Dependencies\PSPSDK\include\psptypes.h(68): message : see declaration of '__inline__'
C:\Users\WilliamsFrancis\Documents\Visual Studio 2019\Projects\PSP\Dependencies\PSPSDK\include\psptypes.h(75,19): error C2144: syntax error: 'void' should be preceded by ';'
C:\Users\WilliamsFrancis\Documents\Visual Studio 2019\Projects\PSP\Dependencies\PSPSDK\include\psptypes.h(75,24): error C4430: missing type specifier - int assumed. Note: C++ does not support default-int
C:\Users\WilliamsFrancis\Documents\Visual Studio 2019\Projects\PSP\Dependencies\PSPSDK\include\psptypes.h(75,8): error C2086: 'int __inline__': redefinition
C:\Users\WilliamsFrancis\Documents\Visual Studio 2019\Projects\PSP\Dependencies\PSPSDK\include\psptypes.h(68): message : see declaration of '__inline__'
C:\Users\WilliamsFrancis\Documents\Visual Studio 2019\Projects\PSP\Dependencies\PSPSDK\include\psptypes.h(76,19): error C2144: syntax error: 'void' should be preceded by ';'
C:\Users\WilliamsFrancis\Documents\Visual Studio 2019\Projects\PSP\Dependencies\PSPSDK\include\psptypes.h(76,24): error C4430: missing type specifier - int assumed. Note: C++ does not support default-int
C:\Users\WilliamsFrancis\Documents\Visual Studio 2019\Projects\PSP\Dependencies\PSPSDK\include\psptypes.h(76,8): error C2086: 'int __inline__': redefinition
C:\Users\WilliamsFrancis\Documents\Visual Studio 2019\Projects\PSP\Dependencies\PSPSDK\include\psptypes.h(68): message : see declaration of '__inline__'
C:\Users\WilliamsFrancis\Documents\Visual Studio 2019\Projects\PSP\Dependencies\PSPSDK\include\psptypes.h(223,18): error C2146: syntax error: missing ';' before identifier '__attribute__'
C:\Users\WilliamsFrancis\Documents\Visual Studio 2019\Projects\PSP\Dependencies\PSPSDK\include\psptypes.h(223,33): error C3861: 'aligned': identifier not found
C:\Users\WilliamsFrancis\Documents\Visual Studio 2019\Projects\PSP\Dependencies\PSPSDK\include\psptypes.h(223,45): error C4430: missing type specifier - int assumed. Note: C++ does not support default-int
C:\Users\WilliamsFrancis\Documents\Visual Studio 2019\Projects\PSP\Dependencies\PSPSDK\include\psptypes.h(238,17): error C2146: syntax error: missing ';' before identifier '__attribute__'
C:\Users\WilliamsFrancis\Documents\Visual Studio 2019\Projects\PSP\Dependencies\PSPSDK\include\psptypes.h(238,32): error C3861: 'aligned': identifier not found
C:\Users\WilliamsFrancis\Documents\Visual Studio 2019\Projects\PSP\Dependencies\PSPSDK\include\psptypes.h(238,44): error C4430: missing type specifier - int assumed. Note: C++ does not support default-int
C:\Users\WilliamsFrancis\Documents\Visual Studio 2019\Projects\PSP\Dependencies\PSPSDK\include\psptypes.h(238,17): error C2374: '__attribute__': redefinition; multiple initialization
C:\Users\WilliamsFrancis\Documents\Visual Studio 2019\Projects\PSP\Dependencies\PSPSDK\include\psptypes.h(223): message : see declaration of '__attribute__'
C:\Users\WilliamsFrancis\Documents\Visual Studio 2019\Projects\PSP\Dependencies\PSPSDK\include\psptypes.h(292,18): error C2146: syntax error: missing ';' before identifier '__attribute__'
C:\Users\WilliamsFrancis\Documents\Visual Studio 2019\Projects\PSP\Dependencies\PSPSDK\include\psptypes.h(292,33): error C3861: 'aligned': identifier not found
C:\Users\WilliamsFrancis\Documents\Visual Studio 2019\Projects\PSP\Dependencies\PSPSDK\include\psptypes.h(292,45): error C4430: missing type specifier - int assumed. Note: C++ does not support default-int
C:\Users\WilliamsFrancis\Documents\Visual Studio 2019\Projects\PSP\Dependencies\PSPSDK\include\psptypes.h(292,18): error C2374: '__attribute__': redefinition; multiple initialization
C:\Users\WilliamsFrancis\Documents\Visual Studio 2019\Projects\PSP\Dependencies\PSPSDK\include\psptypes.h(223): message : see declaration of '__attribute__'
C:\Users\WilliamsFrancis\Documents\Visual Studio 2019\Projects\PSP\Dependencies\PSPSDK\include\psptypes.h(306,18): error C2146: syntax error: missing ';' before identifier '__attribute__'
C:\Users\WilliamsFrancis\Documents\Visual Studio 2019\Projects\PSP\Dependencies\PSPSDK\include\psptypes.h(306,33): error C3861: 'aligned': identifier not found
C:\Users\WilliamsFrancis\Documents\Visual Studio 2019\Projects\PSP\Dependencies\PSPSDK\include\psptypes.h(306,45): error C4430: missing type specifier - int assumed. Note: C++ does not support default-int
C:\Users\WilliamsFrancis\Documents\Visual Studio 2019\Projects\PSP\Dependencies\PSPSDK\include\psptypes.h(306,18): error C2374: '__attribute__': redefinition; multiple initialization
C:\Users\WilliamsFrancis\Documents\Visual Studio 2019\Projects\PSP\Dependencies\PSPSDK\include\psptypes.h(223): message : see declaration of '__attribute__'
C:\Users\WilliamsFrancis\Documents\Visual Studio 2019\Projects\PSP\Dependencies\PSPSDK\include\psptypes.h(332,21): error C2146: syntax error: missing ';' before identifier '__attribute__'
C:\Users\WilliamsFrancis\Documents\Visual Studio 2019\Projects\PSP\Dependencies\PSPSDK\include\psptypes.h(332,36): error C3861: 'aligned': identifier not found
C:\Users\WilliamsFrancis\Documents\Visual Studio 2019\Projects\PSP\Dependencies\PSPSDK\include\psptypes.h(332,48): error C4430: missing type specifier - int assumed. Note: C++ does not support default-int
C:\Users\WilliamsFrancis\Documents\Visual Studio 2019\Projects\PSP\Dependencies\PSPSDK\include\psptypes.h(332,21): error C2374: '__attribute__': redefinition; multiple initialization
C:\Users\WilliamsFrancis\Documents\Visual Studio 2019\Projects\PSP\Dependencies\PSPSDK\include\psptypes.h(223): message : see declaration of '__attribute__'
C:\Users\WilliamsFrancis\Documents\Visual Studio 2019\Projects\PSP\Dependencies\PSPSDK\include\psptypes.h(347,16): error C2146: syntax error: missing ';' before identifier '__attribute__'
C:\Users\WilliamsFrancis\Documents\Visual Studio 2019\Projects\PSP\Dependencies\PSPSDK\include\psptypes.h(347,31): error C3861: 'aligned': identifier not found
C:\Users\WilliamsFrancis\Documents\Visual Studio 2019\Projects\PSP\Dependencies\PSPSDK\include\psptypes.h(347,43): error C4430: missing type specifier - int assumed. Note: C++ does not support default-int
C:\Users\WilliamsFrancis\Documents\Visual Studio 2019\Projects\PSP\Dependencies\PSPSDK\include\psptypes.h(347,16): error C2374: '__attribute__': redefinition; multiple initialization
C:\Users\WilliamsFrancis\Documents\Visual Studio 2019\Projects\PSP\Dependencies\PSPSDK\include\psptypes.h(223): message : see declaration of '__attribute__'
C:\Users\WilliamsFrancis\Documents\Visual Studio 2019\Projects\PSP\Dependencies\PSPSDK\include\psptypes.h(417,18): error C2146: syntax error: missing ';' before identifier '__attribute__'
C:\Users\WilliamsFrancis\Documents\Visual Studio 2019\Projects\PSP\Dependencies\PSPSDK\include\psptypes.h(417,33): error C3861: 'aligned': identifier not found
C:\Users\WilliamsFrancis\Documents\Visual Studio 2019\Projects\PSP\Dependencies\PSPSDK\include\psptypes.h(417,45): error C4430: missing type specifier - int assumed. Note: C++ does not support default-int
C:\Users\WilliamsFrancis\Documents\Visual Studio 2019\Projects\PSP\Dependencies\PSPSDK\include\psptypes.h(417,18): error C2374: '__attribute__': redefinition; multiple initialization
C:\Users\WilliamsFrancis\Documents\Visual Studio 2019\Projects\PSP\Dependencies\PSPSDK\include\psptypes.h(223): message : see declaration of '__attribute__'
C:\Users\WilliamsFrancis\Documents\Visual Studio 2019\Projects\PSP\Dependencies\PSPSDK\include\pspdebug.h(49,49): error C3646: '__attribute__': unknown override specifier
C:\Users\WilliamsFrancis\Documents\Visual Studio 2019\Projects\PSP\Dependencies\PSPSDK\include\pspdebug.h(49,62): error C2059: syntax error: '('
C:\Users\WilliamsFrancis\Documents\Visual Studio 2019\Projects\PSP\Dependencies\PSPSDK\include\pspdebug.h(49,70): error C2143: syntax error: missing ')' before '('
C:\Users\WilliamsFrancis\Documents\Visual Studio 2019\Projects\PSP\Dependencies\PSPSDK\include\pspdebug.h(49,71): error C2065: 'printf': undeclared identifier
C:\Users\WilliamsFrancis\Documents\Visual Studio 2019\Projects\PSP\Dependencies\PSPSDK\include\pspdebug.h(49,81): error C4430: missing type specifier - int assumed. Note: C++ does not support default-int
C:\Users\WilliamsFrancis\Documents\Visual Studio 2019\Projects\PSP\Dependencies\PSPSDK\include\pspdebug.h(49,82): error C2059: syntax error: ')'
C:\Users\WilliamsFrancis\Documents\Visual Studio 2019\Projects\PSP\Dependencies\PSPSDK\include\pspdebug.h(49,83): error C2059: syntax error: ')'
C:\Users\WilliamsFrancis\Documents\Visual Studio 2019\Projects\PSP\Dependencies\PSPSDK\include\pspdebug.h(49,84): error C2440: 'initializing': cannot convert from 'initializer list' to 'int'
C:\Users\WilliamsFrancis\Documents\Visual Studio 2019\Projects\PSP\Dependencies\PSPSDK\include\pspdebug.h(49,70): message : The initializer contains too many elements
C:\Users\WilliamsFrancis\Documents\Visual Studio 2019\Projects\PSP\Dependencies\PSPSDK\include\pspdebug.h(60,53): error C3646: '__attribute__': unknown override specifier
C:\Users\WilliamsFrancis\Documents\Visual Studio 2019\Projects\PSP\Dependencies\PSPSDK\include\pspdebug.h(60,66): error C2059: syntax error: '('
C:\Users\WilliamsFrancis\Documents\Visual Studio 2019\Projects\PSP\Dependencies\PSPSDK\include\pspdebug.h(60,74): error C2143: syntax error: missing ')' before '('
C:\Users\WilliamsFrancis\Documents\Visual Studio 2019\Projects\PSP\Dependencies\PSPSDK\include\pspdebug.h(60,75): error C2065: 'printf': undeclared identifier
C:\Users\WilliamsFrancis\Documents\Visual Studio 2019\Projects\PSP\Dependencies\PSPSDK\include\pspdebug.h(60,85): error C4430: missing type specifier - int assumed. Note: C++ does not support default-int
C:\Users\WilliamsFrancis\Documents\Visual Studio 2019\Projects\PSP\Dependencies\PSPSDK\include\pspdebug.h(60,68): error C2374: 'format': redefinition; multiple initialization
C:\Users\WilliamsFrancis\Documents\Visual Studio 2019\Projects\PSP\Dependencies\PSPSDK\include\pspdebug.h(49): message : see declaration of 'format'
C:\Users\WilliamsFrancis\Documents\Visual Studio 2019\Projects\PSP\Dependencies\PSPSDK\include\pspdebug.h(60,86): error C2059: syntax error: ')'
C:\Users\WilliamsFrancis\Documents\Visual Studio 2019\Projects\PSP\Dependencies\PSPSDK\include\pspdebug.h(60,87): error C2059: syntax error: ')'
C:\Users\WilliamsFrancis\Documents\Visual Studio 2019\Projects\PSP\Dependencies\PSPSDK\include\pspdebug.h(60,88): error C2440: 'initializing': cannot convert from 'initializer list' to 'int'
C:\Users\WilliamsFrancis\Documents\Visual Studio 2019\Projects\PSP\Dependencies\PSPSDK\include\pspdebug.h(60,74): message : The initializer contains too many elements
C:\Users\WilliamsFrancis\Documents\Visual Studio 2019\Projects\PSP\Dependencies\PSPSDK\include\psputils.h(32,10): fatal error C1083: Cannot open include file: 'sys/time.h': No such file or directory
  OpenSimplexNoise.cpp
  Generating Code...
